.git\objects\0c\0852e935ebe9ec0be95da9719061a0e83aa4e7
node_modules\@xenova\transformers\.cache\Xenova\bart-large-mnli\onnx\model_quantized.onnx
node_modules\@xenova\transformers\src\backends\onnx.js
node_modules\@xenova\transformers\types\backends\onnx.d.ts
node_modules\@xenova\transformers\types\backends\onnx.d.ts.map
node_modules\onnx-proto\.npmignore
node_modules\onnx-proto\.travis.yml
node_modules\onnx-proto\dist\onnx.d.ts
node_modules\onnx-proto\dist\onnx.js
node_modules\onnx-proto\LICENSE
node_modules\onnx-proto\package-lock.json
node_modules\onnx-proto\package.json
node_modules\onnx-proto\README.md
node_modules\onnxruntime-common\dist\lib\backend-impl.d.ts
node_modules\onnxruntime-common\dist\lib\backend-impl.js
node_modules\onnxruntime-common\dist\lib\backend-impl.js.map
node_modules\onnxruntime-common\dist\lib\backend.d.ts
node_modules\onnxruntime-common\dist\lib\backend.js
node_modules\onnxruntime-common\dist\lib\backend.js.map
node_modules\onnxruntime-common\dist\lib\env-impl.d.ts
node_modules\onnxruntime-common\dist\lib\env-impl.js
node_modules\onnxruntime-common\dist\lib\env-impl.js.map
node_modules\onnxruntime-common\dist\lib\env.d.ts
node_modules\onnxruntime-common\dist\lib\env.js
node_modules\onnxruntime-common\dist\lib\env.js.map
node_modules\onnxruntime-common\dist\lib\index.d.ts
node_modules\onnxruntime-common\dist\lib\index.js
node_modules\onnxruntime-common\dist\lib\index.js.map
node_modules\onnxruntime-common\dist\lib\inference-session-impl.d.ts
node_modules\onnxruntime-common\dist\lib\inference-session-impl.js
node_modules\onnxruntime-common\dist\lib\inference-session-impl.js.map
node_modules\onnxruntime-common\dist\lib\inference-session.d.ts
node_modules\onnxruntime-common\dist\lib\inference-session.js
node_modules\onnxruntime-common\dist\lib\inference-session.js.map
node_modules\onnxruntime-common\dist\lib\onnx-value.d.ts
node_modules\onnxruntime-common\dist\lib\onnx-value.js
node_modules\onnxruntime-common\dist\lib\onnx-value.js.map
node_modules\onnxruntime-common\dist\lib\tensor-impl.d.ts
node_modules\onnxruntime-common\dist\lib\tensor-impl.js
node_modules\onnxruntime-common\dist\lib\tensor-impl.js.map
node_modules\onnxruntime-common\dist\lib\tensor-utils.d.ts
node_modules\onnxruntime-common\dist\lib\tensor-utils.js
node_modules\onnxruntime-common\dist\lib\tensor-utils.js.map
node_modules\onnxruntime-common\dist\lib\tensor.d.ts
node_modules\onnxruntime-common\dist\lib\tensor.js
node_modules\onnxruntime-common\dist\lib\tensor.js.map
node_modules\onnxruntime-common\dist\ort-common.es5.min.js
node_modules\onnxruntime-common\dist\ort-common.es5.min.js.map
node_modules\onnxruntime-common\dist\ort-common.es6.min.js
node_modules\onnxruntime-common\dist\ort-common.es6.min.js.map
node_modules\onnxruntime-common\dist\ort-common.js
node_modules\onnxruntime-common\dist\ort-common.min.js
node_modules\onnxruntime-common\dist\ort-common.min.js.map
node_modules\onnxruntime-common\dist\ort-common.node.js
node_modules\onnxruntime-common\dist\ort-common.node.js.map
node_modules\onnxruntime-common\lib\backend-impl.ts
node_modules\onnxruntime-common\lib\backend.ts
node_modules\onnxruntime-common\lib\env-impl.ts
node_modules\onnxruntime-common\lib\env.ts
node_modules\onnxruntime-common\lib\index.ts
node_modules\onnxruntime-common\lib\inference-session-impl.ts
node_modules\onnxruntime-common\lib\inference-session.ts
node_modules\onnxruntime-common\lib\onnx-value.ts
node_modules\onnxruntime-common\lib\tensor-impl.ts
node_modules\onnxruntime-common\lib\tensor-utils.ts
node_modules\onnxruntime-common\lib\tensor.ts
node_modules\onnxruntime-common\package.json
node_modules\onnxruntime-common\README.md
node_modules\onnxruntime-node\bin\napi-v3\darwin\arm64\libonnxruntime.1.14.0.dylib
node_modules\onnxruntime-node\bin\napi-v3\darwin\arm64\onnxruntime_binding.node
node_modules\onnxruntime-node\bin\napi-v3\darwin\x64\libonnxruntime.1.14.0.dylib
node_modules\onnxruntime-node\bin\napi-v3\darwin\x64\onnxruntime_binding.node
node_modules\onnxruntime-node\bin\napi-v3\linux\arm64\libonnxruntime.so.1.14.0
node_modules\onnxruntime-node\bin\napi-v3\linux\arm64\onnxruntime_binding.node
node_modules\onnxruntime-node\bin\napi-v3\linux\x64\libonnxruntime.so.1.14.0
node_modules\onnxruntime-node\bin\napi-v3\linux\x64\onnxruntime_binding.node
node_modules\onnxruntime-node\bin\napi-v3\win32\arm64\onnxruntime.dll
node_modules\onnxruntime-node\bin\napi-v3\win32\arm64\onnxruntime_binding.node
node_modules\onnxruntime-node\bin\napi-v3\win32\arm64\onnxruntime_providers_shared.dll
node_modules\onnxruntime-node\bin\napi-v3\win32\x64\onnxruntime.dll
node_modules\onnxruntime-node\bin\napi-v3\win32\x64\onnxruntime_binding.node
node_modules\onnxruntime-node\bin\napi-v3\win32\x64\onnxruntime_providers_shared.dll
node_modules\onnxruntime-node\dist\backend.d.ts
node_modules\onnxruntime-node\dist\backend.js
node_modules\onnxruntime-node\dist\backend.js.map
node_modules\onnxruntime-node\dist\binding.d.ts
node_modules\onnxruntime-node\dist\binding.js
node_modules\onnxruntime-node\dist\binding.js.map
node_modules\onnxruntime-node\dist\index.d.ts
node_modules\onnxruntime-node\dist\index.js
node_modules\onnxruntime-node\dist\index.js.map
node_modules\onnxruntime-node\lib\backend.ts
node_modules\onnxruntime-node\lib\binding.ts
node_modules\onnxruntime-node\lib\index.ts
node_modules\onnxruntime-node\package.json
node_modules\onnxruntime-node\README.md
node_modules\onnxruntime-web\dist\ort-wasm-simd-threaded.wasm
node_modules\onnxruntime-web\dist\ort-wasm-simd.wasm
node_modules\onnxruntime-web\dist\ort-wasm-threaded.js
node_modules\onnxruntime-web\dist\ort-wasm-threaded.wasm
node_modules\onnxruntime-web\dist\ort-wasm-threaded.worker.js
node_modules\onnxruntime-web\dist\ort-wasm.wasm
node_modules\onnxruntime-web\dist\ort-web.es5.min.js
node_modules\onnxruntime-web\dist\ort-web.es5.min.js.map
node_modules\onnxruntime-web\dist\ort-web.es6.min.js
node_modules\onnxruntime-web\dist\ort-web.es6.min.js.map
node_modules\onnxruntime-web\dist\ort-web.js
node_modules\onnxruntime-web\dist\ort-web.min.js
node_modules\onnxruntime-web\dist\ort-web.min.js.map
node_modules\onnxruntime-web\dist\ort-web.node.js
node_modules\onnxruntime-web\dist\ort-web.node.js.map
node_modules\onnxruntime-web\dist\ort.es5.min.js
node_modules\onnxruntime-web\dist\ort.es5.min.js.map
node_modules\onnxruntime-web\dist\ort.es6.min.js
node_modules\onnxruntime-web\dist\ort.es6.min.js.map
node_modules\onnxruntime-web\dist\ort.js
node_modules\onnxruntime-web\dist\ort.min.js
node_modules\onnxruntime-web\dist\ort.min.js.map
node_modules\onnxruntime-web\dist\ort.wasm-core.min.js
node_modules\onnxruntime-web\dist\ort.wasm-core.min.js.map
node_modules\onnxruntime-web\dist\ort.wasm.min.js
node_modules\onnxruntime-web\dist\ort.wasm.min.js.map
node_modules\onnxruntime-web\dist\ort.webgl.min.js
node_modules\onnxruntime-web\dist\ort.webgl.min.js.map
node_modules\onnxruntime-web\docs\operators.md
node_modules\onnxruntime-web\lib\backend-onnxjs.js
node_modules\onnxruntime-web\lib\backend-onnxjs.js.map
node_modules\onnxruntime-web\lib\backend-onnxjs.ts
node_modules\onnxruntime-web\lib\backend-wasm.js
node_modules\onnxruntime-web\lib\backend-wasm.js.map
node_modules\onnxruntime-web\lib\backend-wasm.ts
node_modules\onnxruntime-web\lib\build-def.d.ts
node_modules\onnxruntime-web\lib\index.js
node_modules\onnxruntime-web\lib\index.js.map
node_modules\onnxruntime-web\lib\index.ts
node_modules\onnxruntime-web\lib\onnxjs\attribute-with-cache-key.js
node_modules\onnxruntime-web\lib\onnxjs\attribute-with-cache-key.js.map
node_modules\onnxruntime-web\lib\onnxjs\attribute-with-cache-key.ts
node_modules\onnxruntime-web\lib\onnxjs\attribute.js
node_modules\onnxruntime-web\lib\onnxjs\attribute.js.map
node_modules\onnxruntime-web\lib\onnxjs\attribute.ts
node_modules\onnxruntime-web\lib\onnxjs\backend.js
node_modules\onnxruntime-web\lib\onnxjs\backend.js.map
node_modules\onnxruntime-web\lib\onnxjs\backend.ts
node_modules\onnxruntime-web\lib\onnxjs\backends\backend-webgl.js
node_modules\onnxruntime-web\lib\onnxjs\backends\backend-webgl.js.map
node_modules\onnxruntime-web\lib\onnxjs\backends\backend-webgl.ts
node_modules\onnxruntime-web\lib\onnxjs\backends\webgl\glsl-array-lib.js
node_modules\onnxruntime-web\lib\onnxjs\backends\webgl\glsl-array-lib.js.map
node_modules\onnxruntime-web\lib\onnxjs\backends\webgl\glsl-array-lib.ts
node_modules\onnxruntime-web\lib\onnxjs\backends\webgl\glsl-coordinate-lib.js
node_modules\onnxruntime-web\lib\onnxjs\backends\webgl\glsl-coordinate-lib.js.map
node_modules\onnxruntime-web\lib\onnxjs\backends\webgl\glsl-coordinate-lib.ts
node_modules\onnxruntime-web\lib\onnxjs\backends\webgl\glsl-definitions.js
node_modules\onnxruntime-web\lib\onnxjs\backends\webgl\glsl-definitions.js.map
node_modules\onnxruntime-web\lib\onnxjs\backends\webgl\glsl-definitions.ts
node_modules\onnxruntime-web\lib\onnxjs\backends\webgl\glsl-encoding-lib.js
node_modules\onnxruntime-web\lib\onnxjs\backends\webgl\glsl-encoding-lib.js.map
node_modules\onnxruntime-web\lib\onnxjs\backends\webgl\glsl-encoding-lib.ts
node_modules\onnxruntime-web\lib\onnxjs\backends\webgl\glsl-fragcolor-lib.js
node_modules\onnxruntime-web\lib\onnxjs\backends\webgl\glsl-fragcolor-lib.js.map
node_modules\onnxruntime-web\lib\onnxjs\backends\webgl\glsl-fragcolor-lib.ts
node_modules\onnxruntime-web\lib\onnxjs\backends\webgl\glsl-function-inliner.js
node_modules\onnxruntime-web\lib\onnxjs\backends\webgl\glsl-function-inliner.js.map
node_modules\onnxruntime-web\lib\onnxjs\backends\webgl\glsl-function-inliner.ts
node_modules\onnxruntime-web\lib\onnxjs\backends\webgl\glsl-preprocessor.js
node_modules\onnxruntime-web\lib\onnxjs\backends\webgl\glsl-preprocessor.js.map
node_modules\onnxruntime-web\lib\onnxjs\backends\webgl\glsl-preprocessor.ts
node_modules\onnxruntime-web\lib\onnxjs\backends\webgl\glsl-registered-libs.js
node_modules\onnxruntime-web\lib\onnxjs\backends\webgl\glsl-registered-libs.js.map
node_modules\onnxruntime-web\lib\onnxjs\backends\webgl\glsl-registered-libs.ts
node_modules\onnxruntime-web\lib\onnxjs\backends\webgl\glsl-shape-utils-lib.js
node_modules\onnxruntime-web\lib\onnxjs\backends\webgl\glsl-shape-utils-lib.js.map
node_modules\onnxruntime-web\lib\onnxjs\backends\webgl\glsl-shape-utils-lib.ts
node_modules\onnxruntime-web\lib\onnxjs\backends\webgl\glsl-source.js
node_modules\onnxruntime-web\lib\onnxjs\backends\webgl\glsl-source.js.map
node_modules\onnxruntime-web\lib\onnxjs\backends\webgl\glsl-source.ts
node_modules\onnxruntime-web\lib\onnxjs\backends\webgl\glsl-vec-lib.js
node_modules\onnxruntime-web\lib\onnxjs\backends\webgl\glsl-vec-lib.js.map
node_modules\onnxruntime-web\lib\onnxjs\backends\webgl\glsl-vec-lib.ts
node_modules\onnxruntime-web\lib\onnxjs\backends\webgl\inference-handler.js
node_modules\onnxruntime-web\lib\onnxjs\backends\webgl\inference-handler.js.map
node_modules\onnxruntime-web\lib\onnxjs\backends\webgl\inference-handler.ts
node_modules\onnxruntime-web\lib\onnxjs\backends\webgl\op-resolve-rules.js
node_modules\onnxruntime-web\lib\onnxjs\backends\webgl\op-resolve-rules.js.map
node_modules\onnxruntime-web\lib\onnxjs\backends\webgl\op-resolve-rules.ts
node_modules\onnxruntime-web\lib\onnxjs\backends\webgl\ops\batch-normalization.js
node_modules\onnxruntime-web\lib\onnxjs\backends\webgl\ops\batch-normalization.js.map
node_modules\onnxruntime-web\lib\onnxjs\backends\webgl\ops\batch-normalization.ts
node_modules\onnxruntime-web\lib\onnxjs\backends\webgl\ops\binary-op.js
node_modules\onnxruntime-web\lib\onnxjs\backends\webgl\ops\binary-op.js.map
node_modules\onnxruntime-web\lib\onnxjs\backends\webgl\ops\binary-op.ts
node_modules\onnxruntime-web\lib\onnxjs\backends\webgl\ops\cast.js
node_modules\onnxruntime-web\lib\onnxjs\backends\webgl\ops\cast.js.map
node_modules\onnxruntime-web\lib\onnxjs\backends\webgl\ops\cast.ts
node_modules\onnxruntime-web\lib\onnxjs\backends\webgl\ops\concat-packed.js
node_modules\onnxruntime-web\lib\onnxjs\backends\webgl\ops\concat-packed.js.map
node_modules\onnxruntime-web\lib\onnxjs\backends\webgl\ops\concat-packed.ts
node_modules\onnxruntime-web\lib\onnxjs\backends\webgl\ops\concat.js
node_modules\onnxruntime-web\lib\onnxjs\backends\webgl\ops\concat.js.map
node_modules\onnxruntime-web\lib\onnxjs\backends\webgl\ops\concat.ts
node_modules\onnxruntime-web\lib\onnxjs\backends\webgl\ops\conv-grouped.js
node_modules\onnxruntime-web\lib\onnxjs\backends\webgl\ops\conv-grouped.js.map
node_modules\onnxruntime-web\lib\onnxjs\backends\webgl\ops\conv-grouped.ts
node_modules\onnxruntime-web\lib\onnxjs\backends\webgl\ops\conv-pack.js
node_modules\onnxruntime-web\lib\onnxjs\backends\webgl\ops\conv-pack.js.map
node_modules\onnxruntime-web\lib\onnxjs\backends\webgl\ops\conv-pack.ts
node_modules\onnxruntime-web\lib\onnxjs\backends\webgl\ops\conv-transpose.js
node_modules\onnxruntime-web\lib\onnxjs\backends\webgl\ops\conv-transpose.js.map
node_modules\onnxruntime-web\lib\onnxjs\backends\webgl\ops\conv-transpose.ts
node_modules\onnxruntime-web\lib\onnxjs\backends\webgl\ops\conv.js
node_modules\onnxruntime-web\lib\onnxjs\backends\webgl\ops\conv.js.map
node_modules\onnxruntime-web\lib\onnxjs\backends\webgl\ops\conv.ts
node_modules\onnxruntime-web\lib\onnxjs\backends\webgl\ops\depth-to-space.js
node_modules\onnxruntime-web\lib\onnxjs\backends\webgl\ops\depth-to-space.js.map
node_modules\onnxruntime-web\lib\onnxjs\backends\webgl\ops\depth-to-space.ts
node_modules\onnxruntime-web\lib\onnxjs\backends\webgl\ops\dot-product.js
node_modules\onnxruntime-web\lib\onnxjs\backends\webgl\ops\dot-product.js.map
node_modules\onnxruntime-web\lib\onnxjs\backends\webgl\ops\dot-product.ts
node_modules\onnxruntime-web\lib\onnxjs\backends\webgl\ops\flatten.js
node_modules\onnxruntime-web\lib\onnxjs\backends\webgl\ops\flatten.js.map
node_modules\onnxruntime-web\lib\onnxjs\backends\webgl\ops\flatten.ts
node_modules\onnxruntime-web\lib\onnxjs\backends\webgl\ops\fuse-utils.js
node_modules\onnxruntime-web\lib\onnxjs\backends\webgl\ops\fuse-utils.js.map
node_modules\onnxruntime-web\lib\onnxjs\backends\webgl\ops\fuse-utils.ts
node_modules\onnxruntime-web\lib\onnxjs\backends\webgl\ops\gather.js
node_modules\onnxruntime-web\lib\onnxjs\backends\webgl\ops\gather.js.map
node_modules\onnxruntime-web\lib\onnxjs\backends\webgl\ops\gather.ts
node_modules\onnxruntime-web\lib\onnxjs\backends\webgl\ops\gemm.js
node_modules\onnxruntime-web\lib\onnxjs\backends\webgl\ops\gemm.js.map
node_modules\onnxruntime-web\lib\onnxjs\backends\webgl\ops\gemm.ts
node_modules\onnxruntime-web\lib\onnxjs\backends\webgl\ops\im2col-pack.js
node_modules\onnxruntime-web\lib\onnxjs\backends\webgl\ops\im2col-pack.js.map
node_modules\onnxruntime-web\lib\onnxjs\backends\webgl\ops\im2col-pack.ts
node_modules\onnxruntime-web\lib\onnxjs\backends\webgl\ops\im2col.js
node_modules\onnxruntime-web\lib\onnxjs\backends\webgl\ops\im2col.js.map
node_modules\onnxruntime-web\lib\onnxjs\backends\webgl\ops\im2col.ts
node_modules\onnxruntime-web\lib\onnxjs\backends\webgl\ops\image-scaler.js
node_modules\onnxruntime-web\lib\onnxjs\backends\webgl\ops\image-scaler.js.map
node_modules\onnxruntime-web\lib\onnxjs\backends\webgl\ops\image-scaler.ts
node_modules\onnxruntime-web\lib\onnxjs\backends\webgl\ops\instance-normalization.js
node_modules\onnxruntime-web\lib\onnxjs\backends\webgl\ops\instance-normalization.js.map
node_modules\onnxruntime-web\lib\onnxjs\backends\webgl\ops\instance-normalization.ts
node_modules\onnxruntime-web\lib\onnxjs\backends\webgl\ops\matmul-pack.js
node_modules\onnxruntime-web\lib\onnxjs\backends\webgl\ops\matmul-pack.js.map
node_modules\onnxruntime-web\lib\onnxjs\backends\webgl\ops\matmul-pack.ts
node_modules\onnxruntime-web\lib\onnxjs\backends\webgl\ops\matmul.js
node_modules\onnxruntime-web\lib\onnxjs\backends\webgl\ops\matmul.js.map
node_modules\onnxruntime-web\lib\onnxjs\backends\webgl\ops\matmul.ts
node_modules\onnxruntime-web\lib\onnxjs\backends\webgl\ops\pack.js
node_modules\onnxruntime-web\lib\onnxjs\backends\webgl\ops\pack.js.map
node_modules\onnxruntime-web\lib\onnxjs\backends\webgl\ops\pack.ts
node_modules\onnxruntime-web\lib\onnxjs\backends\webgl\ops\packing-utils.js
node_modules\onnxruntime-web\lib\onnxjs\backends\webgl\ops\packing-utils.js.map
node_modules\onnxruntime-web\lib\onnxjs\backends\webgl\ops\packing-utils.ts
node_modules\onnxruntime-web\lib\onnxjs\backends\webgl\ops\pad.js
node_modules\onnxruntime-web\lib\onnxjs\backends\webgl\ops\pad.js.map
node_modules\onnxruntime-web\lib\onnxjs\backends\webgl\ops\pad.ts
node_modules\onnxruntime-web\lib\onnxjs\backends\webgl\ops\pool.js
node_modules\onnxruntime-web\lib\onnxjs\backends\webgl\ops\pool.js.map
node_modules\onnxruntime-web\lib\onnxjs\backends\webgl\ops\pool.ts
node_modules\onnxruntime-web\lib\onnxjs\backends\webgl\ops\reduce.js
node_modules\onnxruntime-web\lib\onnxjs\backends\webgl\ops\reduce.js.map
node_modules\onnxruntime-web\lib\onnxjs\backends\webgl\ops\reduce.ts
node_modules\onnxruntime-web\lib\onnxjs\backends\webgl\ops\reshape-packed.js
node_modules\onnxruntime-web\lib\onnxjs\backends\webgl\ops\reshape-packed.js.map
node_modules\onnxruntime-web\lib\onnxjs\backends\webgl\ops\reshape-packed.ts
node_modules\onnxruntime-web\lib\onnxjs\backends\webgl\ops\reshape.js
node_modules\onnxruntime-web\lib\onnxjs\backends\webgl\ops\reshape.js.map
node_modules\onnxruntime-web\lib\onnxjs\backends\webgl\ops\reshape.ts
node_modules\onnxruntime-web\lib\onnxjs\backends\webgl\ops\resize-packed.js
node_modules\onnxruntime-web\lib\onnxjs\backends\webgl\ops\resize-packed.js.map
node_modules\onnxruntime-web\lib\onnxjs\backends\webgl\ops\resize-packed.ts
node_modules\onnxruntime-web\lib\onnxjs\backends\webgl\ops\shape.js
node_modules\onnxruntime-web\lib\onnxjs\backends\webgl\ops\shape.js.map
node_modules\onnxruntime-web\lib\onnxjs\backends\webgl\ops\shape.ts
node_modules\onnxruntime-web\lib\onnxjs\backends\webgl\ops\slice.js
node_modules\onnxruntime-web\lib\onnxjs\backends\webgl\ops\slice.js.map
node_modules\onnxruntime-web\lib\onnxjs\backends\webgl\ops\slice.ts
node_modules\onnxruntime-web\lib\onnxjs\backends\webgl\ops\softmax.js
node_modules\onnxruntime-web\lib\onnxjs\backends\webgl\ops\softmax.js.map
node_modules\onnxruntime-web\lib\onnxjs\backends\webgl\ops\softmax.ts
node_modules\onnxruntime-web\lib\onnxjs\backends\webgl\ops\split.js
node_modules\onnxruntime-web\lib\onnxjs\backends\webgl\ops\split.js.map
node_modules\onnxruntime-web\lib\onnxjs\backends\webgl\ops\split.ts
node_modules\onnxruntime-web\lib\onnxjs\backends\webgl\ops\squeeze.js
node_modules\onnxruntime-web\lib\onnxjs\backends\webgl\ops\squeeze.js.map
node_modules\onnxruntime-web\lib\onnxjs\backends\webgl\ops\squeeze.ts
node_modules\onnxruntime-web\lib\onnxjs\backends\webgl\ops\sum.js
node_modules\onnxruntime-web\lib\onnxjs\backends\webgl\ops\sum.js.map
node_modules\onnxruntime-web\lib\onnxjs\backends\webgl\ops\sum.ts
node_modules\onnxruntime-web\lib\onnxjs\backends\webgl\ops\tile.js
node_modules\onnxruntime-web\lib\onnxjs\backends\webgl\ops\tile.js.map
node_modules\onnxruntime-web\lib\onnxjs\backends\webgl\ops\tile.ts
node_modules\onnxruntime-web\lib\onnxjs\backends\webgl\ops\transpose.js
node_modules\onnxruntime-web\lib\onnxjs\backends\webgl\ops\transpose.js.map
node_modules\onnxruntime-web\lib\onnxjs\backends\webgl\ops\transpose.ts
node_modules\onnxruntime-web\lib\onnxjs\backends\webgl\ops\uint8-encode.js
node_modules\onnxruntime-web\lib\onnxjs\backends\webgl\ops\uint8-encode.js.map
node_modules\onnxruntime-web\lib\onnxjs\backends\webgl\ops\uint8-encode.ts
node_modules\onnxruntime-web\lib\onnxjs\backends\webgl\ops\unary-op.js
node_modules\onnxruntime-web\lib\onnxjs\backends\webgl\ops\unary-op.js.map
node_modules\onnxruntime-web\lib\onnxjs\backends\webgl\ops\unary-op.ts
node_modules\onnxruntime-web\lib\onnxjs\backends\webgl\ops\unpack.js
node_modules\onnxruntime-web\lib\onnxjs\backends\webgl\ops\unpack.js.map
node_modules\onnxruntime-web\lib\onnxjs\backends\webgl\ops\unpack.ts
node_modules\onnxruntime-web\lib\onnxjs\backends\webgl\ops\unsqueeze.js
node_modules\onnxruntime-web\lib\onnxjs\backends\webgl\ops\unsqueeze.js.map
node_modules\onnxruntime-web\lib\onnxjs\backends\webgl\ops\unsqueeze.ts
node_modules\onnxruntime-web\lib\onnxjs\backends\webgl\ops\upsample.js
node_modules\onnxruntime-web\lib\onnxjs\backends\webgl\ops\upsample.js.map
node_modules\onnxruntime-web\lib\onnxjs\backends\webgl\ops\upsample.ts
node_modules\onnxruntime-web\lib\onnxjs\backends\webgl\program-manager.js
node_modules\onnxruntime-web\lib\onnxjs\backends\webgl\program-manager.js.map
node_modules\onnxruntime-web\lib\onnxjs\backends\webgl\program-manager.ts
node_modules\onnxruntime-web\lib\onnxjs\backends\webgl\session-handler.js
node_modules\onnxruntime-web\lib\onnxjs\backends\webgl\session-handler.js.map
node_modules\onnxruntime-web\lib\onnxjs\backends\webgl\session-handler.ts
node_modules\onnxruntime-web\lib\onnxjs\backends\webgl\texture-data-encoder.js
node_modules\onnxruntime-web\lib\onnxjs\backends\webgl\texture-data-encoder.js.map
node_modules\onnxruntime-web\lib\onnxjs\backends\webgl\texture-data-encoder.ts
node_modules\onnxruntime-web\lib\onnxjs\backends\webgl\texture-layout-strategy.js
node_modules\onnxruntime-web\lib\onnxjs\backends\webgl\texture-layout-strategy.js.map
node_modules\onnxruntime-web\lib\onnxjs\backends\webgl\texture-layout-strategy.ts
node_modules\onnxruntime-web\lib\onnxjs\backends\webgl\texture-layout.js
node_modules\onnxruntime-web\lib\onnxjs\backends\webgl\texture-layout.js.map
node_modules\onnxruntime-web\lib\onnxjs\backends\webgl\texture-layout.ts
node_modules\onnxruntime-web\lib\onnxjs\backends\webgl\texture-manager.js
node_modules\onnxruntime-web\lib\onnxjs\backends\webgl\texture-manager.js.map
node_modules\onnxruntime-web\lib\onnxjs\backends\webgl\texture-manager.ts
node_modules\onnxruntime-web\lib\onnxjs\backends\webgl\types.js
node_modules\onnxruntime-web\lib\onnxjs\backends\webgl\types.js.map
node_modules\onnxruntime-web\lib\onnxjs\backends\webgl\types.ts
node_modules\onnxruntime-web\lib\onnxjs\backends\webgl\utils.js
node_modules\onnxruntime-web\lib\onnxjs\backends\webgl\utils.js.map
node_modules\onnxruntime-web\lib\onnxjs\backends\webgl\utils.ts
node_modules\onnxruntime-web\lib\onnxjs\backends\webgl\webgl-context-factory.js
node_modules\onnxruntime-web\lib\onnxjs\backends\webgl\webgl-context-factory.js.map
node_modules\onnxruntime-web\lib\onnxjs\backends\webgl\webgl-context-factory.ts
node_modules\onnxruntime-web\lib\onnxjs\backends\webgl\webgl-context.js
node_modules\onnxruntime-web\lib\onnxjs\backends\webgl\webgl-context.js.map
node_modules\onnxruntime-web\lib\onnxjs\backends\webgl\webgl-context.ts
node_modules\onnxruntime-web\lib\onnxjs\execution-plan.js
node_modules\onnxruntime-web\lib\onnxjs\execution-plan.js.map
node_modules\onnxruntime-web\lib\onnxjs\execution-plan.ts
node_modules\onnxruntime-web\lib\onnxjs\graph.js
node_modules\onnxruntime-web\lib\onnxjs\graph.js.map
node_modules\onnxruntime-web\lib\onnxjs\graph.ts
node_modules\onnxruntime-web\lib\onnxjs\instrument.js
node_modules\onnxruntime-web\lib\onnxjs\instrument.js.map
node_modules\onnxruntime-web\lib\onnxjs\instrument.ts
node_modules\onnxruntime-web\lib\onnxjs\model.js
node_modules\onnxruntime-web\lib\onnxjs\model.js.map
node_modules\onnxruntime-web\lib\onnxjs\model.ts
node_modules\onnxruntime-web\lib\onnxjs\operators.js
node_modules\onnxruntime-web\lib\onnxjs\operators.js.map
node_modules\onnxruntime-web\lib\onnxjs\operators.ts
node_modules\onnxruntime-web\lib\onnxjs\opset.js
node_modules\onnxruntime-web\lib\onnxjs\opset.js.map
node_modules\onnxruntime-web\lib\onnxjs\opset.ts
node_modules\onnxruntime-web\lib\onnxjs\ort-schema\ort-generated.js
node_modules\onnxruntime-web\lib\onnxjs\ort-schema\ort-generated.js.map
node_modules\onnxruntime-web\lib\onnxjs\ort-schema\ort-generated.ts
node_modules\onnxruntime-web\lib\onnxjs\ort-schema\README.md
node_modules\onnxruntime-web\lib\onnxjs\session-handler.js
node_modules\onnxruntime-web\lib\onnxjs\session-handler.js.map
node_modules\onnxruntime-web\lib\onnxjs\session-handler.ts
node_modules\onnxruntime-web\lib\onnxjs\session.js
node_modules\onnxruntime-web\lib\onnxjs\session.js.map
node_modules\onnxruntime-web\lib\onnxjs\session.ts
node_modules\onnxruntime-web\lib\onnxjs\tensor.js
node_modules\onnxruntime-web\lib\onnxjs\tensor.js.map
node_modules\onnxruntime-web\lib\onnxjs\tensor.ts
node_modules\onnxruntime-web\lib\onnxjs\util.js
node_modules\onnxruntime-web\lib\onnxjs\util.js.map
node_modules\onnxruntime-web\lib\onnxjs\util.ts
node_modules\onnxruntime-web\lib\wasm\binding\ort-wasm-simd-threaded.js
node_modules\onnxruntime-web\lib\wasm\binding\ort-wasm-simd-threaded.worker.js
node_modules\onnxruntime-web\lib\wasm\binding\ort-wasm-simd.js
node_modules\onnxruntime-web\lib\wasm\binding\ort-wasm-threaded.d.ts
node_modules\onnxruntime-web\lib\wasm\binding\ort-wasm-threaded.js
node_modules\onnxruntime-web\lib\wasm\binding\ort-wasm-threaded.min.js
node_modules\onnxruntime-web\lib\wasm\binding\ort-wasm-threaded.min.worker.js
node_modules\onnxruntime-web\lib\wasm\binding\ort-wasm-threaded.worker.js
node_modules\onnxruntime-web\lib\wasm\binding\ort-wasm.d.ts
node_modules\onnxruntime-web\lib\wasm\binding\ort-wasm.js
node_modules\onnxruntime-web\lib\wasm\options-utils.js
node_modules\onnxruntime-web\lib\wasm\options-utils.js.map
node_modules\onnxruntime-web\lib\wasm\options-utils.ts
node_modules\onnxruntime-web\lib\wasm\proxy-messages.js
node_modules\onnxruntime-web\lib\wasm\proxy-messages.js.map
node_modules\onnxruntime-web\lib\wasm\proxy-messages.ts
node_modules\onnxruntime-web\lib\wasm\proxy-worker\main.ts
node_modules\onnxruntime-web\lib\wasm\proxy-wrapper.js
node_modules\onnxruntime-web\lib\wasm\proxy-wrapper.js.map
node_modules\onnxruntime-web\lib\wasm\proxy-wrapper.ts
node_modules\onnxruntime-web\lib\wasm\run-options.js
node_modules\onnxruntime-web\lib\wasm\run-options.js.map
node_modules\onnxruntime-web\lib\wasm\run-options.ts
node_modules\onnxruntime-web\lib\wasm\session-handler.js
node_modules\onnxruntime-web\lib\wasm\session-handler.js.map
node_modules\onnxruntime-web\lib\wasm\session-handler.ts
node_modules\onnxruntime-web\lib\wasm\session-options.js
node_modules\onnxruntime-web\lib\wasm\session-options.js.map
node_modules\onnxruntime-web\lib\wasm\session-options.ts
node_modules\onnxruntime-web\lib\wasm\string-utils.js
node_modules\onnxruntime-web\lib\wasm\string-utils.js.map
node_modules\onnxruntime-web\lib\wasm\string-utils.ts
node_modules\onnxruntime-web\lib\wasm\wasm-core-impl.js
node_modules\onnxruntime-web\lib\wasm\wasm-core-impl.js.map
node_modules\onnxruntime-web\lib\wasm\wasm-core-impl.ts
node_modules\onnxruntime-web\lib\wasm\wasm-factory.js
node_modules\onnxruntime-web\lib\wasm\wasm-factory.js.map
node_modules\onnxruntime-web\lib\wasm\wasm-factory.ts
node_modules\onnxruntime-web\package.json
node_modules\onnxruntime-web\README.md
node_modules\onnxruntime-web\types\lib\backend-onnxjs.d.ts
node_modules\onnxruntime-web\types\lib\backend-wasm.d.ts
node_modules\onnxruntime-web\types\lib\index.d.ts
node_modules\onnxruntime-web\types\lib\onnxjs\attribute-with-cache-key.d.ts
node_modules\onnxruntime-web\types\lib\onnxjs\attribute.d.ts
node_modules\onnxruntime-web\types\lib\onnxjs\backend.d.ts
node_modules\onnxruntime-web\types\lib\onnxjs\backends\backend-webgl.d.ts
node_modules\onnxruntime-web\types\lib\onnxjs\backends\webgl\glsl-array-lib.d.ts
node_modules\onnxruntime-web\types\lib\onnxjs\backends\webgl\glsl-coordinate-lib.d.ts
node_modules\onnxruntime-web\types\lib\onnxjs\backends\webgl\glsl-definitions.d.ts
node_modules\onnxruntime-web\types\lib\onnxjs\backends\webgl\glsl-encoding-lib.d.ts
node_modules\onnxruntime-web\types\lib\onnxjs\backends\webgl\glsl-fragcolor-lib.d.ts
node_modules\onnxruntime-web\types\lib\onnxjs\backends\webgl\glsl-function-inliner.d.ts
node_modules\onnxruntime-web\types\lib\onnxjs\backends\webgl\glsl-preprocessor.d.ts
node_modules\onnxruntime-web\types\lib\onnxjs\backends\webgl\glsl-registered-libs.d.ts
node_modules\onnxruntime-web\types\lib\onnxjs\backends\webgl\glsl-shape-utils-lib.d.ts
node_modules\onnxruntime-web\types\lib\onnxjs\backends\webgl\glsl-source.d.ts
node_modules\onnxruntime-web\types\lib\onnxjs\backends\webgl\glsl-vec-lib.d.ts
node_modules\onnxruntime-web\types\lib\onnxjs\backends\webgl\inference-handler.d.ts
node_modules\onnxruntime-web\types\lib\onnxjs\backends\webgl\op-resolve-rules.d.ts
node_modules\onnxruntime-web\types\lib\onnxjs\backends\webgl\ops\batch-normalization.d.ts
node_modules\onnxruntime-web\types\lib\onnxjs\backends\webgl\ops\binary-op.d.ts
node_modules\onnxruntime-web\types\lib\onnxjs\backends\webgl\ops\cast.d.ts
node_modules\onnxruntime-web\types\lib\onnxjs\backends\webgl\ops\concat-packed.d.ts
node_modules\onnxruntime-web\types\lib\onnxjs\backends\webgl\ops\concat.d.ts
node_modules\onnxruntime-web\types\lib\onnxjs\backends\webgl\ops\conv-grouped.d.ts
node_modules\onnxruntime-web\types\lib\onnxjs\backends\webgl\ops\conv-pack.d.ts
node_modules\onnxruntime-web\types\lib\onnxjs\backends\webgl\ops\conv-transpose.d.ts
node_modules\onnxruntime-web\types\lib\onnxjs\backends\webgl\ops\conv.d.ts
node_modules\onnxruntime-web\types\lib\onnxjs\backends\webgl\ops\depth-to-space.d.ts
node_modules\onnxruntime-web\types\lib\onnxjs\backends\webgl\ops\dot-product.d.ts
node_modules\onnxruntime-web\types\lib\onnxjs\backends\webgl\ops\flatten.d.ts
node_modules\onnxruntime-web\types\lib\onnxjs\backends\webgl\ops\fuse-utils.d.ts
node_modules\onnxruntime-web\types\lib\onnxjs\backends\webgl\ops\gather.d.ts
node_modules\onnxruntime-web\types\lib\onnxjs\backends\webgl\ops\gemm.d.ts
node_modules\onnxruntime-web\types\lib\onnxjs\backends\webgl\ops\im2col-pack.d.ts
node_modules\onnxruntime-web\types\lib\onnxjs\backends\webgl\ops\im2col.d.ts
node_modules\onnxruntime-web\types\lib\onnxjs\backends\webgl\ops\image-scaler.d.ts
node_modules\onnxruntime-web\types\lib\onnxjs\backends\webgl\ops\instance-normalization.d.ts
node_modules\onnxruntime-web\types\lib\onnxjs\backends\webgl\ops\matmul-pack.d.ts
node_modules\onnxruntime-web\types\lib\onnxjs\backends\webgl\ops\matmul.d.ts
node_modules\onnxruntime-web\types\lib\onnxjs\backends\webgl\ops\pack.d.ts
node_modules\onnxruntime-web\types\lib\onnxjs\backends\webgl\ops\packing-utils.d.ts
node_modules\onnxruntime-web\types\lib\onnxjs\backends\webgl\ops\pad.d.ts
node_modules\onnxruntime-web\types\lib\onnxjs\backends\webgl\ops\pool.d.ts
node_modules\onnxruntime-web\types\lib\onnxjs\backends\webgl\ops\reduce.d.ts
node_modules\onnxruntime-web\types\lib\onnxjs\backends\webgl\ops\reshape-packed.d.ts
node_modules\onnxruntime-web\types\lib\onnxjs\backends\webgl\ops\reshape.d.ts
node_modules\onnxruntime-web\types\lib\onnxjs\backends\webgl\ops\resize-packed.d.ts
node_modules\onnxruntime-web\types\lib\onnxjs\backends\webgl\ops\shape.d.ts
node_modules\onnxruntime-web\types\lib\onnxjs\backends\webgl\ops\slice.d.ts
node_modules\onnxruntime-web\types\lib\onnxjs\backends\webgl\ops\softmax.d.ts
node_modules\onnxruntime-web\types\lib\onnxjs\backends\webgl\ops\split.d.ts
node_modules\onnxruntime-web\types\lib\onnxjs\backends\webgl\ops\squeeze.d.ts
node_modules\onnxruntime-web\types\lib\onnxjs\backends\webgl\ops\sum.d.ts
node_modules\onnxruntime-web\types\lib\onnxjs\backends\webgl\ops\tile.d.ts
node_modules\onnxruntime-web\types\lib\onnxjs\backends\webgl\ops\transpose.d.ts
node_modules\onnxruntime-web\types\lib\onnxjs\backends\webgl\ops\uint8-encode.d.ts
node_modules\onnxruntime-web\types\lib\onnxjs\backends\webgl\ops\unary-op.d.ts
node_modules\onnxruntime-web\types\lib\onnxjs\backends\webgl\ops\unpack.d.ts
node_modules\onnxruntime-web\types\lib\onnxjs\backends\webgl\ops\unsqueeze.d.ts
node_modules\onnxruntime-web\types\lib\onnxjs\backends\webgl\ops\upsample.d.ts
node_modules\onnxruntime-web\types\lib\onnxjs\backends\webgl\program-manager.d.ts
node_modules\onnxruntime-web\types\lib\onnxjs\backends\webgl\session-handler.d.ts
node_modules\onnxruntime-web\types\lib\onnxjs\backends\webgl\texture-data-encoder.d.ts
node_modules\onnxruntime-web\types\lib\onnxjs\backends\webgl\texture-layout-strategy.d.ts
node_modules\onnxruntime-web\types\lib\onnxjs\backends\webgl\texture-layout.d.ts
node_modules\onnxruntime-web\types\lib\onnxjs\backends\webgl\texture-manager.d.ts
node_modules\onnxruntime-web\types\lib\onnxjs\backends\webgl\types.d.ts
node_modules\onnxruntime-web\types\lib\onnxjs\backends\webgl\utils.d.ts
node_modules\onnxruntime-web\types\lib\onnxjs\backends\webgl\webgl-context-factory.d.ts
node_modules\onnxruntime-web\types\lib\onnxjs\backends\webgl\webgl-context.d.ts
node_modules\onnxruntime-web\types\lib\onnxjs\execution-plan.d.ts
node_modules\onnxruntime-web\types\lib\onnxjs\graph.d.ts
node_modules\onnxruntime-web\types\lib\onnxjs\instrument.d.ts
node_modules\onnxruntime-web\types\lib\onnxjs\model.d.ts
node_modules\onnxruntime-web\types\lib\onnxjs\operators.d.ts
node_modules\onnxruntime-web\types\lib\onnxjs\opset.d.ts
node_modules\onnxruntime-web\types\lib\onnxjs\ort-schema\ort-generated.d.ts
node_modules\onnxruntime-web\types\lib\onnxjs\session-handler.d.ts
node_modules\onnxruntime-web\types\lib\onnxjs\session.d.ts
node_modules\onnxruntime-web\types\lib\onnxjs\tensor.d.ts
node_modules\onnxruntime-web\types\lib\onnxjs\util.d.ts
node_modules\onnxruntime-web\types\lib\wasm\options-utils.d.ts
node_modules\onnxruntime-web\types\lib\wasm\proxy-messages.d.ts
node_modules\onnxruntime-web\types\lib\wasm\proxy-wrapper.d.ts
node_modules\onnxruntime-web\types\lib\wasm\run-options.d.ts
node_modules\onnxruntime-web\types\lib\wasm\session-handler.d.ts
node_modules\onnxruntime-web\types\lib\wasm\session-options.d.ts
node_modules\onnxruntime-web\types\lib\wasm\string-utils.d.ts
node_modules\onnxruntime-web\types\lib\wasm\wasm-core-impl.d.ts
node_modules\onnxruntime-web\types\lib\wasm\wasm-factory.d.ts